GET /city 304 - - 20.016 ms
GET /hotels 304 - - 3.381 ms
GET / 304 - - 5.433 ms
GET /details 304 - - 23.250 ms
GET /hotels 304 - - 2.167 ms
GET /hotels 304 - - 2.204 ms
GET /hotels 404 145 - 18.890 ms
GET /hotel 200 1844 - 20.059 ms
GET /hotel/details 200 18 - 5.741 ms
GET /city 304 - - 3.503 ms
GET /city/details 200 16 - 2.094 ms
GET /city 304 - - 3.198 ms
GET /city 304 - - 18.826 ms
GET /favicon.ico 404 150 - 7.167 ms
GET /hotels 404 145 - 1.196 ms
GET /hotel 304 - - 3.550 ms
GET / 200 34 - 75.268 ms
GET / 200 51 - 78.082 ms
GET / 200 9525 - 69.483 ms
GET /css/bootstrap.min.css 200 109518 - 23.265 ms
GET /css/styles.css 200 2512 - 19.595 ms
GET /js/bootstrap.min.js 200 31819 - 4.434 ms
GET /fonts/glyphicons-halflings-regular.woff 404 178 - 7.639 ms
GET /fonts/glyphicons-halflings-regular.ttf 404 177 - 2.261 ms
GET / 304 - - 75.831 ms
GET /css/bootstrap.min.css 304 - - 7.633 ms
GET /css/styles.css 304 - - 3.911 ms
GET /js/bootstrap.min.js 304 - - 1.740 ms
GET /fonts/glyphicons-halflings-regular.woff 404 178 - 13.232 ms
GET /fonts/glyphicons-halflings-regular.ttf 404 177 - 1.734 ms
GET /city 200 9525 - 8.279 ms
GET /css/bootstrap.min.css 304 - - 1.728 ms
GET /css/styles.css 304 - - 2.862 ms
GET /js/bootstrap.min.js 304 - - 2.169 ms
GET /js/bootstrap.min.js 304 - - 1.800 ms
GET /fonts/glyphicons-halflings-regular.woff 404 178 - 2.293 ms
GET /fonts/glyphicons-halflings-regular.ttf 404 177 - 2.243 ms
GET /hotel 200 9525 - 22.551 ms
GET /css/bootstrap.min.css 304 - - 3.686 ms
GET /css/styles.css 304 - - 3.701 ms
GET /js/bootstrap.min.js 304 - - 1.840 ms
GET /fonts/glyphicons-halflings-regular.woff 404 178 - 2.034 ms
GET /fonts/glyphicons-halflings-regular.ttf 404 177 - 2.731 ms
GET /hotel 200 9526 - 78.758 ms
GET /css/bootstrap.min.css 304 - - 9.827 ms
GET /css/styles.css 304 - - 8.357 ms
GET /js/bootstrap.min.js 304 - - 1.798 ms
GET /fonts/glyphicons-halflings-regular.woff 404 178 - 9.476 ms
GET /fonts/glyphicons-halflings-regular.ttf 404 177 - 4.353 ms
GET /city 200 9526 - 15.757 ms
GET /css/bootstrap.min.css 304 - - 2.592 ms
GET /css/styles.css 304 - - 1.818 ms
GET /js/bootstrap.min.js 304 - - 2.991 ms
GET /css/bootstrap.min.css 304 - - 3.993 ms
GET /css/styles.css 304 - - 4.060 ms
GET /js/bootstrap.min.js 304 - - 3.235 ms
GET /fonts/glyphicons-halflings-regular.woff 404 178 - 8.094 ms
GET /fonts/glyphicons-halflings-regular.ttf 404 177 - 2.594 ms
GET /hotels 404 145 - 4.921 ms
GET /hotel 304 - - 13.883 ms
GET /css/bootstrap.min.css 304 - - 3.972 ms
GET /css/styles.css 304 - - 1.722 ms
GET /js/bootstrap.min.js 304 - - 2.063 ms
GET /fonts/glyphicons-halflings-regular.woff 404 178 - 6.627 ms
GET /fonts/glyphicons-halflings-regular.ttf 404 177 - 9.000 ms
GET / 200 9524 - 59.427 ms
GET /css/bootstrap.min.css 304 - - 7.167 ms
GET /css/styles.css 304 - - 5.622 ms
GET /js/bootstrap.min.js 304 - - 1.752 ms
GET /fonts/glyphicons-halflings-regular.woff 404 178 - 12.827 ms
GET /fonts/glyphicons-halflings-regular.ttf 404 177 - 2.131 ms
GET / 500 2045 - 78.910 ms
GET / 200 9450 - 79.294 ms
GET /css/bootstrap.min.css 304 - - 7.428 ms
GET /css/styles.css 304 - - 1.886 ms
GET /js/bootstrap.min.js 304 - - 2.575 ms
GET /fonts/glyphicons-halflings-regular.woff 404 178 - 10.907 ms
GET /fonts/glyphicons-halflings-regular.ttf 404 177 - 2.205 ms
GET / 200 9449 - 15.839 ms
GET /css/bootstrap.min.css 304 - - 5.110 ms
GET /css/styles.css 304 - - 5.674 ms
GET /js/bootstrap.min.js 304 - - 5.068 ms
GET /fonts/glyphicons-halflings-regular.woff 404 178 - 2.899 ms
GET /fonts/glyphicons-halflings-regular.ttf 404 177 - 2.956 ms
GET /city 304 - - 12.415 ms
GET /css/bootstrap.min.css 304 - - 1.857 ms
GET /css/styles.css 304 - - 3.383 ms
GET /js/bootstrap.min.js 304 - - 3.026 ms
GET /fonts/glyphicons-halflings-regular.woff 404 178 - 1.932 ms
GET /fonts/glyphicons-halflings-regular.ttf 404 177 - 2.226 ms
GET /city 200 9487 - 108.222 ms
GET /css/bootstrap.min.css 304 - - 8.507 ms
GET /css/styles.css 304 - - 12.283 ms
GET /js/bootstrap.min.js 304 - - 2.307 ms
GET /fonts/glyphicons-halflings-regular.woff 404 178 - 10.963 ms
GET /fonts/glyphicons-halflings-regular.ttf 404 177 - 5.772 ms
GET / 304 - - 10.807 ms
GET /css/bootstrap.min.css 304 - - 3.973 ms
GET /css/styles.css 304 - - 2.025 ms
GET /js/bootstrap.min.js 304 - - 1.850 ms
GET /fonts/glyphicons-halflings-regular.woff 404 178 - 2.264 ms
GET /fonts/glyphicons-halflings-regular.ttf 404 177 - 4.760 ms
GET /city 304 - - 9.959 ms
GET /css/bootstrap.min.css 304 - - 3.983 ms
GET /css/styles.css 304 - - 5.612 ms
GET /js/bootstrap.min.js 304 - - 2.383 ms
GET /fonts/glyphicons-halflings-regular.woff 404 178 - 2.192 ms
GET /fonts/glyphicons-halflings-regular.ttf 404 177 - 3.620 ms
GET /hotel 200 9487 - 14.415 ms
GET /css/bootstrap.min.css 304 - - 6.704 ms
GET /css/styles.css 304 - - 5.880 ms
GET /js/bootstrap.min.js 304 - - 2.592 ms
GET /fonts/glyphicons-halflings-regular.woff 404 178 - 2.139 ms
GET /fonts/glyphicons-halflings-regular.ttf 404 177 - 3.582 ms
GET /city 304 - - 9.893 ms
GET /css/bootstrap.min.css 304 - - 5.607 ms
GET /css/styles.css 304 - - 6.827 ms
GET /js/bootstrap.min.js 304 - - 2.039 ms
GET /fonts/glyphicons-halflings-regular.woff 404 178 - 7.813 ms
GET /fonts/glyphicons-halflings-regular.ttf 404 177 - 3.033 ms
GET /city 304 - - 12.905 ms
GET /css/bootstrap.min.css 304 - - 3.550 ms
GET /css/styles.css 304 - - 4.574 ms
GET /js/bootstrap.min.js 304 - - 2.390 ms
GET /fonts/glyphicons-halflings-regular.woff 404 178 - 2.338 ms
GET /fonts/glyphicons-halflings-regular.ttf 404 177 - 2.031 ms
GET /city 304 - - 13.656 ms
GET /css/bootstrap.min.css 304 - - 3.712 ms
GET /css/styles.css 304 - - 5.910 ms
GET /js/bootstrap.min.js 304 - - 2.301 ms
GET /fonts/glyphicons-halflings-regular.woff 404 178 - 8.854 ms
GET /fonts/glyphicons-halflings-regular.ttf 404 177 - 4.085 ms
GET /hotel 304 - - 17.730 ms
GET /css/bootstrap.min.css 304 - - 2.396 ms
GET /css/styles.css 304 - - 7.447 ms
GET /js/bootstrap.min.js 304 - - 2.021 ms
GET /fonts/glyphicons-halflings-regular.woff 404 178 - 2.124 ms
GET /fonts/glyphicons-halflings-regular.ttf 404 177 - 2.106 ms
GET / 304 - - 9.882 ms
GET /css/bootstrap.min.css 304 - - 3.645 ms
GET /css/styles.css 304 - - 4.967 ms
GET /js/bootstrap.min.js 304 - - 1.626 ms
GET /fonts/glyphicons-halflings-regular.woff 404 178 - 2.103 ms
GET /fonts/glyphicons-halflings-regular.ttf 404 177 - 2.677 ms
GET /city 304 - - 10.834 ms
GET /css/bootstrap.min.css 304 - - 2.260 ms
GET /css/styles.css 304 - - 8.674 ms
GET /js/bootstrap.min.js 304 - - 1.516 ms
GET /fonts/glyphicons-halflings-regular.woff 404 178 - 2.384 ms
GET /fonts/glyphicons-halflings-regular.ttf 404 177 - 3.056 ms
GET /hotel 304 - - 8.115 ms
GET /css/bootstrap.min.css 304 - - 4.112 ms
GET /css/styles.css 304 - - 6.481 ms
GET /js/bootstrap.min.js 304 - - 1.977 ms
GET /fonts/glyphicons-halflings-regular.woff 404 178 - 3.558 ms
GET /fonts/glyphicons-halflings-regular.ttf 404 177 - 4.060 ms
GET /hotel 304 - - 69.212 ms
GET /css/bootstrap.min.css 304 - - 5.480 ms
GET /css/styles.css 304 - - 6.812 ms
GET /js/bootstrap.min.js 304 - - 19.237 ms
GET /fonts/glyphicons-halflings-regular.woff 404 178 - 12.390 ms
GET /fonts/glyphicons-halflings-regular.ttf 404 177 - 6.567 ms
GET /hotel 200 9578 - 77.561 ms
GET /css/bootstrap.min.css 304 - - 9.084 ms
GET /css/styles.css 304 - - 1.719 ms
GET /js/bootstrap.min.js 304 - - 2.949 ms
GET /fonts/glyphicons-halflings-regular.woff 404 178 - 6.502 ms
GET /fonts/glyphicons-halflings-regular.ttf 404 177 - 4.642 ms
GET / 200 9528 - 10.920 ms
GET /css/bootstrap.min.css 304 - - 7.076 ms
GET /css/styles.css 304 - - 5.940 ms
GET /js/bootstrap.min.js 304 - - 2.407 ms
GET /fonts/glyphicons-halflings-regular.woff 404 178 - 2.917 ms
GET /fonts/glyphicons-halflings-regular.ttf 404 177 - 5.961 ms
GET /city 200 9578 - 8.161 ms
GET /css/bootstrap.min.css 304 - - 5.965 ms
GET /css/styles.css 304 - - 5.984 ms
GET /js/bootstrap.min.js 304 - - 1.741 ms
GET /fonts/glyphicons-halflings-regular.woff 404 178 - 2.181 ms
GET /fonts/glyphicons-halflings-regular.ttf 404 177 - 6.101 ms
GET /hotel 304 - - 9.266 ms
GET /css/bootstrap.min.css 304 - - 6.985 ms
GET /css/styles.css 304 - - 7.645 ms
GET /js/bootstrap.min.js 304 - - 3.727 ms
GET /fonts/glyphicons-halflings-regular.woff 404 178 - 2.726 ms
GET /fonts/glyphicons-halflings-regular.ttf 404 177 - 7.282 ms
GET /hotel 200 9487 - 99.415 ms
GET /css/bootstrap.min.css 304 - - 8.840 ms
GET /css/styles.css 304 - - 1.660 ms
GET /js/bootstrap.min.js 304 - - 2.890 ms
GET /fonts/glyphicons-halflings-regular.woff 404 178 - 8.603 ms
GET /fonts/glyphicons-halflings-regular.ttf 404 177 - 2.382 ms
GET /city 200 9487 - 7.950 ms
GET /css/bootstrap.min.css 304 - - 4.901 ms
GET /css/styles.css 304 - - 3.377 ms
GET /js/bootstrap.min.js 304 - - 1.630 ms
GET /fonts/glyphicons-halflings-regular.woff 404 178 - 10.057 ms
GET /fonts/glyphicons-halflings-regular.ttf 404 177 - 2.183 ms
GET /hotel 304 - - 8.135 ms
GET /css/bootstrap.min.css 304 - - 3.611 ms
GET /css/styles.css 304 - - 3.576 ms
GET /js/bootstrap.min.js 304 - - 3.203 ms
GET /fonts/glyphicons-halflings-regular.woff 404 178 - 2.043 ms
GET /fonts/glyphicons-halflings-regular.ttf 404 177 - 4.687 ms
GET /hotel 304 - - 75.748 ms
GET /css/bootstrap.min.css 304 - - 6.841 ms
GET /css/styles.css 304 - - 7.433 ms
GET /js/bootstrap.min.js 304 - - 2.267 ms
GET /fonts/glyphicons-halflings-regular.woff 404 178 - 7.106 ms
GET /fonts/glyphicons-halflings-regular.ttf 404 177 - 1.839 ms
GET /city 304 - - 17.849 ms
GET /css/bootstrap.min.css 304 - - 6.402 ms
GET /css/styles.css 304 - - 2.643 ms
GET /js/bootstrap.min.js 304 - - 4.721 ms
GET /fonts/glyphicons-halflings-regular.woff 404 178 - 3.210 ms
GET /fonts/glyphicons-halflings-regular.ttf 404 177 - 2.178 ms
GET /hotel 304 - - 9.853 ms
GET /css/bootstrap.min.css 304 - - 3.850 ms
GET /css/styles.css 304 - - 3.872 ms
GET /js/bootstrap.min.js 304 - - 4.738 ms
GET /fonts/glyphicons-halflings-regular.woff 404 178 - 3.326 ms
GET /fonts/glyphicons-halflings-regular.ttf 404 177 - 7.157 ms
GET / 200 9449 - 16.787 ms
GET /css/bootstrap.min.css 304 - - 2.124 ms
GET /css/styles.css 304 - - 5.335 ms
GET /js/bootstrap.min.js 304 - - 2.010 ms
GET /fonts/glyphicons-halflings-regular.woff 404 178 - 4.034 ms
GET /fonts/glyphicons-halflings-regular.ttf 404 177 - 2.811 ms
GET /hotel 304 - - 9.308 ms
GET /css/bootstrap.min.css 304 - - 2.602 ms
GET /css/styles.css 304 - - 1.570 ms
GET /js/bootstrap.min.js 304 - - 3.133 ms
GET /fonts/glyphicons-halflings-regular.woff 404 178 - 2.550 ms
GET /fonts/glyphicons-halflings-regular.ttf 404 177 - 2.680 ms
GET / 304 - - 87.723 ms
GET /css/bootstrap.min.css 304 - - 14.031 ms
GET /css/styles.css 304 - - 10.914 ms
GET /js/bootstrap.min.js 304 - - 5.320 ms
GET /fonts/glyphicons-halflings-regular.woff 404 178 - 12.348 ms
GET /fonts/glyphicons-halflings-regular.ttf 404 177 - 3.492 ms
GET / 304 - - 17.082 ms
GET /css/bootstrap.min.css 304 - - 2.517 ms
GET /css/styles.css 304 - - 3.592 ms
GET /js/bootstrap.min.js 304 - - 2.513 ms
GET /fonts/glyphicons-halflings-regular.woff 404 178 - 5.498 ms
GET /fonts/glyphicons-halflings-regular.ttf 404 177 - 2.171 ms
GET /city 500 1700 - 20.569 ms
GET /city 200 9487 - 12.946 ms
GET /css/bootstrap.min.css 304 - - 2.313 ms
GET /css/styles.css 304 - - 5.651 ms
GET /js/bootstrap.min.js 304 - - 2.300 ms
GET /fonts/glyphicons-halflings-regular.woff 404 178 - 2.636 ms
GET /fonts/glyphicons-halflings-regular.ttf 404 177 - 5.448 ms
GET /city 304 - - 14.299 ms
GET /css/bootstrap.min.css 304 - - 3.648 ms
GET /css/styles.css 304 - - 3.512 ms
GET /js/bootstrap.min.js 304 - - 12.922 ms
GET /fonts/glyphicons-halflings-regular.woff 404 178 - 2.833 ms
GET /fonts/glyphicons-halflings-regular.ttf 404 177 - 8.942 ms
GET /hotel 304 - - 9.751 ms
GET /css/bootstrap.min.css 304 - - 7.920 ms
GET /css/styles.css 304 - - 12.117 ms
GET /js/bootstrap.min.js 304 - - 1.619 ms
GET /fonts/glyphicons-halflings-regular.woff 404 178 - 8.784 ms
GET /fonts/glyphicons-halflings-regular.ttf 404 177 - 1.953 ms
GET /city 304 - - 8.820 ms
GET /css/bootstrap.min.css 304 - - 4.542 ms
GET /css/styles.css 304 - - 5.309 ms
GET /js/bootstrap.min.js 304 - - 4.227 ms
GET /fonts/glyphicons-halflings-regular.woff 404 178 - 3.277 ms
GET / 304 - - 14.650 ms
GET /fonts/glyphicons-halflings-regular.ttf 404 177 - 2.182 ms
GET /css/bootstrap.min.css 304 - - 2.551 ms
GET /css/styles.css 304 - - 2.489 ms
GET /js/bootstrap.min.js 304 - - 2.005 ms
GET /fonts/glyphicons-halflings-regular.woff 404 178 - 2.498 ms
GET /fonts/glyphicons-halflings-regular.ttf 404 177 - 2.710 ms
GET /city 304 - - 10.741 ms
GET /css/bootstrap.min.css 304 - - 4.170 ms
GET /css/styles.css 304 - - 4.509 ms
GET /js/bootstrap.min.js 304 - - 2.088 ms
GET /fonts/glyphicons-halflings-regular.woff 404 178 - 2.129 ms
GET /fonts/glyphicons-halflings-regular.ttf 404 177 - 2.445 ms
GET /hotel 304 - - 14.203 ms
GET /css/bootstrap.min.css 304 - - 3.420 ms
GET /css/styles.css 304 - - 3.278 ms
GET /js/bootstrap.min.js 304 - - 1.609 ms
GET /fonts/glyphicons-halflings-regular.woff 404 178 - 2.447 ms
GET /fonts/glyphicons-halflings-regular.ttf 404 177 - 2.259 ms
GET /hotel 200 5770 - 12.382 ms
GET /css/bootstrap.min.css 304 - - 4.006 ms
GET /css/styles.css 304 - - 3.345 ms
GET /js/bootstrap.min.js 304 - - 4.393 ms
GET /fonts/glyphicons-halflings-regular.woff 404 178 - 3.064 ms
GET /fonts/glyphicons-halflings-regular.ttf 404 177 - 4.419 ms
GET /hotel 500 2091 - 15.343 ms
GET /hotel 500 2091 - 16.096 ms
GET /hotel 500 2091 - 9.714 ms
GET /hotel 500 2091 - 8.209 ms
GET /hotel 500 2091 - 16.512 ms
GET /hotel 200 8563 - 75.306 ms
GET /css/bootstrap.min.css 304 - - 7.958 ms
GET /css/styles.css 304 - - 12.250 ms
GET /js/bootstrap.min.js 304 - - 8.432 ms
GET /fonts/glyphicons-halflings-regular.woff 404 178 - 9.522 ms
GET /fonts/glyphicons-halflings-regular.ttf 404 177 - 2.706 ms
GET /hotel 200 8503 - 13.920 ms
GET /css/bootstrap.min.css 304 - - 8.305 ms
GET /css/styles.css 304 - - 5.596 ms
GET /js/bootstrap.min.js 304 - - 1.696 ms
GET /fonts/glyphicons-halflings-regular.woff 404 178 - 7.843 ms
GET /fonts/glyphicons-halflings-regular.ttf 404 177 - 2.962 ms
GET /hotel 200 8401 - 7.923 ms
GET /css/bootstrap.min.css 304 - - 6.501 ms
GET /css/styles.css 304 - - 1.758 ms
GET /js/bootstrap.min.js 304 - - 3.298 ms
GET /fonts/glyphicons-halflings-regular.woff 404 178 - 3.579 ms
GET /fonts/glyphicons-halflings-regular.ttf 404 177 - 1.974 ms
GET /hotel 200 8431 - 11.495 ms
GET /css/bootstrap.min.css 304 - - 4.038 ms
GET /css/styles.css 304 - - 2.499 ms
GET /js/bootstrap.min.js 304 - - 3.823 ms
GET /fonts/glyphicons-halflings-regular.woff 404 178 - 2.327 ms
GET /fonts/glyphicons-halflings-regular.ttf 404 177 - 6.697 ms
GET /hotel 200 8427 - 13.183 ms
GET /css/bootstrap.min.css 304 - - 1.975 ms
GET /css/styles.css 304 - - 2.876 ms
GET /js/bootstrap.min.js 304 - - 2.358 ms
GET /fonts/glyphicons-halflings-regular.woff 404 178 - 4.143 ms
GET /fonts/glyphicons-halflings-regular.ttf 404 177 - 2.406 ms
GET / 304 - - 89.165 ms
GET /css/bootstrap.min.css 304 - - 8.745 ms
GET /css/styles.css 304 - - 10.103 ms
GET /js/bootstrap.min.js 304 - - 2.264 ms
GET /fonts/glyphicons-halflings-regular.woff 404 178 - 19.978 ms
GET /fonts/glyphicons-halflings-regular.ttf 404 177 - 5.532 ms
GET /favicon.ico 404 150 - 2.473 ms
GET /hotel 200 26149 - 239.644 ms
GET /css/bootstrap.min.css 304 - - 4.931 ms
GET /css/styles.css 304 - - 5.684 ms
GET /js/bootstrap.min.js 304 - - 3.520 ms
GET /fonts/glyphicons-halflings-regular.woff 404 178 - 5.036 ms
GET /fonts/glyphicons-halflings-regular.ttf 404 177 - 2.037 ms
GET /hotel/details/1 200 20 - 87.487 ms
GET /hotel/details/6 200 20 - 3.411 ms
GET /hotel/details/12 200 21 - 4.589 ms
GET /hotel 200 26524 - 322.556 ms
GET /css/bootstrap.min.css 304 - - 13.229 ms
GET /css/styles.css 304 - - 20.002 ms
GET /js/bootstrap.min.js 304 - - 3.339 ms
GET /fonts/glyphicons-halflings-regular.woff 404 178 - 12.204 ms
GET /fonts/glyphicons-halflings-regular.ttf 404 177 - 3.420 ms
GET /hotel/details/4 200 4871 - 27.562 ms
GET /hotel/details/css/bootstrap.min.css 404 174 - 5.055 ms
GET /hotel/details/css/styles.css 404 167 - 5.990 ms
GET /hotel/details/js/bootstrap.min.js 404 172 - 2.527 ms
GET /hotel/details/5 200 4871 - 32.069 ms
GET /hotel/details/css/styles.css 404 167 - 9.142 ms
GET /hotel/details/css/bootstrap.min.css 404 174 - 9.586 ms
GET /hotel/details/js/bootstrap.min.js 404 172 - 5.560 ms
GET /hotel/details/js/bootstrap.min.js 404 172 - 13.269 ms
GET /hotel 304 - - 91.565 ms
GET /css/bootstrap.min.css 304 - - 5.033 ms
GET /css/styles.css 304 - - 1.493 ms
GET /js/bootstrap.min.js 304 - - 4.823 ms
GET /fonts/glyphicons-halflings-regular.woff 404 178 - 2.683 ms
GET /fonts/glyphicons-halflings-regular.ttf 404 177 - 2.120 ms
GET /hotel/details/18 200 4873 - 31.796 ms
GET /css/bootstrap.min.css 304 - - 8.960 ms
GET /css/styles.css 304 - - 8.375 ms
GET /hotel/details/js/bootstrap.min.js 404 172 - 2.662 ms
GET /hotel/details/js/bootstrap.min.js 404 172 - 3.882 ms
GET /fonts/glyphicons-halflings-regular.woff 404 178 - 1.796 ms
GET /fonts/glyphicons-halflings-regular.ttf 404 177 - 1.799 ms
GET /city 304 - - 26.343 ms
GET /css/bootstrap.min.css 304 - - 4.748 ms
GET /css/styles.css 304 - - 5.380 ms
GET /js/bootstrap.min.js 304 - - 1.750 ms
GET /fonts/glyphicons-halflings-regular.woff 404 178 - 2.290 ms
GET /fonts/glyphicons-halflings-regular.ttf 404 177 - 2.120 ms
GET /hotel 304 - - 41.778 ms
GET /css/bootstrap.min.css 304 - - 2.584 ms
GET /css/styles.css 304 - - 5.361 ms
GET /js/bootstrap.min.js 304 - - 3.295 ms
GET /fonts/glyphicons-halflings-regular.woff 404 178 - 4.135 ms
GET /fonts/glyphicons-halflings-regular.ttf 404 177 - 2.004 ms
GET /hotel/details/16 200 4873 - 52.613 ms
GET /css/bootstrap.min.css 304 - - 2.264 ms
GET /css/styles.css 304 - - 1.569 ms
GET /hotel/details/js/bootstrap.min.js 404 172 - 4.470 ms
GET /hotel/details/js/bootstrap.min.js 404 172 - 7.522 ms
GET /fonts/glyphicons-halflings-regular.woff 404 178 - 5.721 ms
GET /fonts/glyphicons-halflings-regular.ttf 404 177 - 2.305 ms
GET /hotel/details/16 200 4862 - 19.923 ms
GET /css/bootstrap.min.css 304 - - 3.774 ms
GET /hotel/details/js/bootstrap.min.js 404 172 - 6.699 ms
GET /css/styles.css 304 - - 2.831 ms
GET /hotel/details/js/bootstrap.min.js 404 172 - 4.139 ms
GET /fonts/glyphicons-halflings-regular.woff 404 178 - 5.272 ms
GET /fonts/glyphicons-halflings-regular.ttf 404 177 - 1.768 ms
GET /hotel 304 - - 65.869 ms
GET /css/bootstrap.min.css 304 - - 4.491 ms
GET /css/styles.css 304 - - 4.174 ms
GET /js/bootstrap.min.js 304 - - 2.685 ms
GET /fonts/glyphicons-halflings-regular.woff 404 178 - 4.372 ms
GET /fonts/glyphicons-halflings-regular.ttf 404 177 - 2.155 ms
GET /hotel/details/24 200 4862 - 30.149 ms
GET /hotel/details/js/bootstrap.min.js 404 172 - 6.244 ms
GET /css/bootstrap.min.css 304 - - 6.700 ms
GET /css/styles.css 304 - - 2.154 ms
GET /hotel/details/js/bootstrap.min.js 404 172 - 11.262 ms
GET /fonts/glyphicons-halflings-regular.woff 404 178 - 2.599 ms
GET /fonts/glyphicons-halflings-regular.ttf 404 177 - 2.410 ms
GET /hotel/details/24 304 - - 33.184 ms
GET /css/bootstrap.min.css 304 - - 2.251 ms
GET /css/styles.css 304 - - 3.327 ms
GET /hotel/details/js/bootstrap.min.js 404 172 - 5.394 ms
GET /hotel/details/js/bootstrap.min.js 404 172 - 2.150 ms
GET /fonts/glyphicons-halflings-regular.woff 404 178 - 1.809 ms
GET /fonts/glyphicons-halflings-regular.ttf 404 177 - 2.005 ms
GET /hotel/details/24 304 - - 464.774 ms
GET /css/bootstrap.min.css 304 - - 6.290 ms
GET /css/styles.css 304 - - 4.123 ms
GET /hotel/details/js/bootstrap.min.js 404 172 - 11.778 ms
GET /hotel/details/js/bootstrap.min.js 404 172 - 5.358 ms
GET /fonts/glyphicons-halflings-regular.woff 404 178 - 10.565 ms
GET /fonts/glyphicons-halflings-regular.ttf 404 177 - 3.210 ms
GET /hotel/details/24 200 4877 - 396.980 ms
GET /hotel/details/js/bootstrap.min.js 404 172 - 13.222 ms
GET /css/bootstrap.min.css 304 - - 23.167 ms
GET /css/styles.css 304 - - 14.174 ms
GET /hotel/details/js/bootstrap.min.js 404 172 - 8.231 ms
GET /fonts/glyphicons-halflings-regular.woff 404 178 - 8.904 ms
GET /fonts/glyphicons-halflings-regular.ttf 404 177 - 5.403 ms
GET /hotel 304 - - 49.447 ms
GET /css/bootstrap.min.css 304 - - 2.182 ms
GET /css/styles.css 304 - - 1.631 ms
GET /js/bootstrap.min.js 304 - - 2.086 ms
GET /fonts/glyphicons-halflings-regular.woff 404 178 - 2.445 ms
GET /hotel 304 - - 56.362 ms
GET /fonts/glyphicons-halflings-regular.ttf 404 177 - 3.980 ms
GET /css/bootstrap.min.css 304 - - 2.360 ms
GET /css/styles.css 304 - - 3.040 ms
GET /js/bootstrap.min.js 304 - - 3.865 ms
GET /fonts/glyphicons-halflings-regular.woff 404 178 - 4.632 ms
GET /fonts/glyphicons-halflings-regular.ttf 404 177 - 3.309 ms
GET /hotel/details/8 200 4883 - 38.118 ms
GET /css/bootstrap.min.css 304 - - 2.402 ms
GET /css/styles.css 304 - - 7.181 ms
GET /hotel/details/js/bootstrap.min.js 404 172 - 5.288 ms
GET /hotel/details/js/bootstrap.min.js 404 172 - 2.386 ms
GET /fonts/glyphicons-halflings-regular.woff 404 178 - 3.993 ms
GET /fonts/glyphicons-halflings-regular.ttf 404 177 - 2.179 ms
GET /hotel/details/8 200 5768 - 52.201 ms
GET /css/bootstrap.min.css 304 - - 4.204 ms
GET /css/styles.css 304 - - 1.649 ms
GET /hotel/details/js/bootstrap.min.js 404 172 - 3.719 ms
GET /fonts/glyphicons-halflings-regular.woff 404 178 - 3.303 ms
GET /hotel/details/js/bootstrap.min.js 404 172 - 4.189 ms
GET /fonts/glyphicons-halflings-regular.ttf 404 177 - 2.600 ms
GET /hotel/details/8 200 5719 - 35.793 ms
GET /css/bootstrap.min.css 304 - - 6.585 ms
GET /css/styles.css 304 - - 5.110 ms
GET /hotel/details/js/bootstrap.min.js 404 172 - 3.577 ms
GET /hotel/details/js/bootstrap.min.js 404 172 - 3.081 ms
GET /fonts/glyphicons-halflings-regular.woff 404 178 - 4.095 ms
GET /fonts/glyphicons-halflings-regular.ttf 404 177 - 4.048 ms
GET /hotel/details/8 200 5817 - 33.859 ms
GET /css/bootstrap.min.css 304 - - 1.818 ms
GET /css/styles.css 304 - - 1.708 ms
GET /hotel/details/js/bootstrap.min.js 404 172 - 6.577 ms
GET /hotel/details/js/bootstrap.min.js 404 172 - 3.150 ms
GET /fonts/glyphicons-halflings-regular.woff 404 178 - 2.949 ms
GET /fonts/glyphicons-halflings-regular.ttf 404 177 - 1.801 ms
GET /hotel/details/8 304 - - 53.180 ms
GET /css/bootstrap.min.css 304 - - 5.314 ms
GET /css/styles.css 304 - - 4.697 ms
GET /hotel/details/js/bootstrap.min.js 404 172 - 6.875 ms
GET /hotel/details/js/bootstrap.min.js 404 172 - 7.620 ms
GET /fonts/glyphicons-halflings-regular.woff 404 178 - 8.701 ms
GET /fonts/glyphicons-halflings-regular.ttf 404 177 - 9.697 ms
GET /hotel/details/8 200 5869 - 31.901 ms
GET /css/bootstrap.min.css 304 - - 3.092 ms
GET /css/styles.css 304 - - 4.118 ms
GET /hotel/details/js/bootstrap.min.js 404 172 - 2.938 ms
GET /hotel/details/js/bootstrap.min.js 404 172 - 2.244 ms
GET /fonts/glyphicons-halflings-regular.woff 404 178 - 6.800 ms
GET /fonts/glyphicons-halflings-regular.ttf 404 177 - 3.971 ms
GET /hotel/details/8 200 5863 - 48.675 ms
GET /css/bootstrap.min.css 304 - - 2.704 ms
GET /css/styles.css 304 - - 3.129 ms
GET /hotel/details/js/bootstrap.min.js 404 172 - 2.756 ms
GET /hotel/details/js/bootstrap.min.js 404 172 - 1.876 ms
GET /fonts/glyphicons-halflings-regular.woff 404 178 - 5.618 ms
GET /fonts/glyphicons-halflings-regular.ttf 404 177 - 2.747 ms
GET /hotel 304 - - 39.131 ms
GET /css/bootstrap.min.css 304 - - 4.112 ms
GET /css/styles.css 304 - - 2.134 ms
GET /js/bootstrap.min.js 304 - - 2.100 ms
GET /fonts/glyphicons-halflings-regular.woff 404 178 - 4.074 ms
GET /fonts/glyphicons-halflings-regular.ttf 404 177 - 2.038 ms
GET /hotel/details/15 200 5842 - 45.030 ms
GET /css/bootstrap.min.css 304 - - 3.329 ms
GET /css/styles.css 304 - - 3.656 ms
GET /hotel/details/js/bootstrap.min.js 404 172 - 2.565 ms
GET /hotel/details/js/bootstrap.min.js 404 172 - 2.712 ms
GET /fonts/glyphicons-halflings-regular.woff 404 178 - 2.654 ms
GET /fonts/glyphicons-halflings-regular.ttf 404 177 - 2.422 ms
GET /hotel 304 - - 36.637 ms
GET /css/bootstrap.min.css 304 - - 3.808 ms
GET /css/styles.css 304 - - 6.021 ms
GET /js/bootstrap.min.js 304 - - 3.432 ms
GET /fonts/glyphicons-halflings-regular.woff 404 178 - 6.773 ms
GET /fonts/glyphicons-halflings-regular.ttf 404 177 - 3.420 ms
GET /hotel/details/19 200 5843 - 44.838 ms
GET /css/bootstrap.min.css 304 - - 5.839 ms
GET /css/styles.css 304 - - 8.344 ms
GET /hotel/details/js/bootstrap.min.js 404 172 - 6.082 ms
GET /hotel/details/js/bootstrap.min.js 404 172 - 5.279 ms
GET /fonts/glyphicons-halflings-regular.woff 404 178 - 5.863 ms
GET /fonts/glyphicons-halflings-regular.ttf 404 177 - 2.007 ms
GET /hotel 304 - - 50.698 ms
GET /css/bootstrap.min.css 304 - - 3.802 ms
GET /css/styles.css 304 - - 2.638 ms
GET /js/bootstrap.min.js 304 - - 2.180 ms
GET /fonts/glyphicons-halflings-regular.woff 404 178 - 5.178 ms
GET /fonts/glyphicons-halflings-regular.ttf 404 177 - 2.069 ms
GET /hotel/details/25 200 5833 - 49.685 ms
GET /css/bootstrap.min.css 304 - - 1.441 ms
GET /css/styles.css 304 - - 3.196 ms
GET /hotel/details/js/bootstrap.min.js 404 172 - 3.869 ms
GET /hotel/details/js/bootstrap.min.js 404 172 - 1.727 ms
GET /fonts/glyphicons-halflings-regular.woff 404 178 - 1.893 ms
GET /fonts/glyphicons-halflings-regular.ttf 404 177 - 3.116 ms
